Unity Editor version:    2020.3.24f1 (79c78de19888)
Branch:                  2020.3/staging
Build type:              Release
Batch mode:              YES
macOS version:           Version 12.0.1 (Build 21A559)
Darwin version:          21.1.0
Architecture:            x86_64
Running under Rosetta:   NO
Available memory:        8192 MB
Using pre-set license
Pro License: NO

COMMAND LINE ARGUMENTS:
/Applications/Unity/Unity.app/Contents/MacOS/Unity
-adb2
-batchMode
-noUpm
-name
AssetImportWorker0
-projectPath
/Users/graphicslab/Desktop/Create With Code/PROJECT MEMORIA
-logFile
Logs/AssetImportWorker0.log
-srvPort
53542
Successfully changed project path to: /Users/graphicslab/Desktop/Create With Code/PROJECT MEMORIA
/Users/graphicslab/Desktop/Create With Code/PROJECT MEMORIA
Using Asset Import Pipeline V2.
Refreshing native plugins compatible for Editor in 219.32 ms, found 2 plugins.
Preloading 0 native plugins for Editor in 0.00 ms.
Initialize engine version: 2020.3.24f1 (79c78de19888)
[Subsystems] Discovering subsystems at path /Applications/Unity/Unity.app/Contents/Resources/UnitySubsystems
[Subsystems] Discovering subsystems at path /Users/graphicslab/Desktop/Create With Code/PROJECT MEMORIA/Assets
GfxDevice: creating device client; threaded=0
2022-05-17 13:44:30.686 Unity[16128:3979731] iMac preferred device: AMD Radeon Pro 560X (high power)
2022-05-17 13:44:30.686 Unity[16128:3979731] Metal devices available: 1
2022-05-17 13:44:30.686 Unity[16128:3979731] 0: AMD Radeon Pro 560X (high power)
2022-05-17 13:44:30.687 Unity[16128:3979731] Using device AMD Radeon Pro 560X (high power)
Initializing Metal device caps: AMD Radeon Pro 560X
Initialize mono
Mono path[0] = '/Applications/Unity/Unity.app/Contents/Managed'
Mono path[1] = '/Applications/Unity/Unity.app/Contents/MonoBleedingEdge/lib/mono/unityjit'
Mono config path = '/Applications/Unity/Unity.app/Contents/MonoBleedingEdge/etc'
Using monoOptions --debugger-agent=transport=dt_socket,embedding=1,server=y,suspend=n,address=127.0.0.1:56128
Begin MonoManager ReloadAssembly
Registering precompiled unity dll's ...
Register platform support module: /Applications/Unity/PlaybackEngines/WebGLSupport/UnityEditor.WebGL.Extensions.dll
Register platform support module: /Applications/Unity/Unity.app/Contents/PlaybackEngines/MacStandaloneSupport/UnityEditor.OSXStandalone.Extensions.dll
Register platform support module: /Applications/Unity/PlaybackEngines/WindowsStandaloneSupport/UnityEditor.WindowsStandalone.Extensions.dll
Registered in 0.032171 seconds.
Native extension for WindowsStandalone target not found
Native extension for OSXStandalone target not found
Native extension for WebGL target not found
Refreshing native plugins compatible for Editor in 31.11 ms, found 2 plugins.
Preloading 0 native plugins for Editor in 0.00 ms.
Mono: successfully reloaded assembly
- Completed reload, in  0.636 seconds
Domain Reload Profiling:
	ReloadAssembly (636ms)
		BeginReloadAssembly (35ms)
			ExecutionOrderSort (0ms)
			DisableScriptedObjects (0ms)
			BackupInstance (0ms)
			ReleaseScriptingObjects (0ms)
			CreateAndSetChildDomain (1ms)
		EndReloadAssembly (498ms)
			LoadAssemblies (44ms)
			RebuildTransferFunctionScriptingTraits (0ms)
			SetupTypeCache (187ms)
			ReleaseScriptCaches (0ms)
			RebuildScriptCaches (37ms)
			SetupLoadedEditorAssemblies (182ms)
				LogAssemblyErrors (0ms)
				InitializePlatformSupportModulesInManaged (6ms)
				SetLoadedEditorAssemblies (0ms)
				RefreshPlugins (31ms)
				BeforeProcessingInitializeOnLoad (10ms)
				ProcessInitializeOnLoadAttributes (104ms)
				ProcessInitializeOnLoadMethodAttributes (31ms)
				AfterProcessingInitializeOnLoad (0ms)
				EditorAssembliesLoaded (0ms)
			ExecutionOrderSort2 (0ms)
			AwakeInstancesAfterBackupRestoration (0ms)
Platform modules already initialized, skipping
Registering precompiled user dll's ...
Registered in 0.101122 seconds.
Begin MonoManager ReloadAssembly
Native extension for WindowsStandalone target not found
Native extension for OSXStandalone target not found
Native extension for WebGL target not found
Refreshing native plugins compatible for Editor in 0.38 ms, found 2 plugins.
Preloading 0 native plugins for Editor in 0.00 ms.
Mono: successfully reloaded assembly
- Completed reload, in  1.417 seconds
Domain Reload Profiling:
	ReloadAssembly (1422ms)
		BeginReloadAssembly (142ms)
			ExecutionOrderSort (0ms)
			DisableScriptedObjects (5ms)
			BackupInstance (0ms)
			ReleaseScriptingObjects (0ms)
			CreateAndSetChildDomain (22ms)
		EndReloadAssembly (1216ms)
			LoadAssemblies (338ms)
			RebuildTransferFunctionScriptingTraits (0ms)
			SetupTypeCache (324ms)
			ReleaseScriptCaches (0ms)
			RebuildScriptCaches (51ms)
			SetupLoadedEditorAssemblies (382ms)
				LogAssemblyErrors (0ms)
				InitializePlatformSupportModulesInManaged (6ms)
				SetLoadedEditorAssemblies (1ms)
				RefreshPlugins (0ms)
				BeforeProcessingInitializeOnLoad (72ms)
				ProcessInitializeOnLoadAttributes (245ms)
				ProcessInitializeOnLoadMethodAttributes (57ms)
				AfterProcessingInitializeOnLoad (1ms)
				EditorAssembliesLoaded (0ms)
			ExecutionOrderSort2 (0ms)
			AwakeInstancesAfterBackupRestoration (7ms)
Platform modules already initialized, skipping
Validating Project structure ... 0.003927 seconds.
Shader import version has changed; will reimport all shaders...
Upgrading shader files ...0.003600 seconds.
Application.AssetDatabase Initial Script Refresh Start
RefreshInfo: InitialScriptRefreshV2(NoUpdateAssetOptions) scanfilter:  ... 1 filters
RefreshProfiler: Total: 0.000ms
Application.AssetDatabase Initial Script Refresh End
Application.AssetDatabase.Refresh Start
Application.AssetDatabase.Refresh End
RefreshInfo: StopAssetImportingV2(ForceSynchronousImport) scanfilter: 
RefreshProfiler: Total: 0.000ms
Launching external process: /Applications/Unity/Unity.app/Contents/Tools/UnityShaderCompiler
Launched and connected shader compiler UnityShaderCompiler after 0.05 seconds
Initializing Unity extensions:
2022-05-17 13:44:41.027 Unity[16128:3979731] NSEventModifierFlagFunction specified to -setKeyEquivalentModifierMask: for item <NSMenuItem: 0x600002b46ae0 Font Asset, ke='Command-F12'>, but is only supported for system-provided menu items; will not be used
2022-05-17 13:44:41.031 Unity[16128:3979731] NSEventModifierFlagFunction specified to -setKeyEquivalentModifierMask: for item <NSMenuItem: 0x600002b56290 Font Asset, ke='Command-F12'>, but is only supported for system-provided menu items; will not be used
========================================================================
Worker process is ready to serve import requests
Refreshing native plugins compatible for Editor in 0.38 ms, found 2 plugins.
Preloading 0 native plugins for Editor in 0.00 ms.
Unloading 1504 Unused Serialized files (Serialized files now loaded: 0)
System memory in use before: 191.5 MB.
System memory in use after: 190.7 MB.

Unloading 83 unused Assets to reduce memory usage. Loaded Objects now: 1975.
Total: 3.201315 ms (FindLiveObjects: 0.157223 ms CreateObjectMapping: 0.044024 ms MarkObjects: 2.512216 ms  DeleteObjects: 0.487004 ms)

AssetImportParameters requested are different than current active one (requested -> active):
  custom:video-decoder-ogg-theora: a1e56fd34408186e4bbccfd4996cb3dc -> 
  custom:container-muxer-webm: aa71ff27fc2769a1b78a27578f13a17b -> 
  custom:container-demuxer-webm: 4f35f7cbe854078d1ac9338744f61a02 -> 
  custom:container-demuxer-ogg: 62fdf1f143b41e24485cea50d1cbac27 -> 
  custom:video-encoder-webm-vp8: eb34c28f22e8b96e1ab97ce403110664 -> 
  custom:framework-osx-AVFoundation: e770b220cccbd017edd2c1fefb359320 -> 
  custom:video-decoder-webm-vp8: 9c59270c3fd7afecdb556c50c9e8de78 -> 
  custom:audio-decoder-ogg-vorbis: bf7c407c2cedff20999df2af8eb42d56 -> 
  custom:audio-encoder-webm-vorbis: bf7c407c2cedff20999df2af8eb42d56 -> 
========================================================================
Received Import Request.
  path: Assets/360_F_356621844_02EwpDTxw9lOCA8B52cagLvT8j7zczbS.jpeg
  artifactKey: Guid(ef7c826d6e5c24453a2c2286ad72f9e9) Importer(815301076,1909f56bfc062723c751e8b465ee728b)
Start importing Assets/360_F_356621844_02EwpDTxw9lOCA8B52cagLvT8j7zczbS.jpeg using Guid(ef7c826d6e5c24453a2c2286ad72f9e9) Importer(815301076,1909f56bfc062723c751e8b465ee728b)  -> (artifact id: '51206388fad58707f31624a2fd52ed2f') in 0.902633 seconds 
  Import took 0.907766 seconds .

========================================================================
Received Import Request.
  Time since last request: 0.000296 seconds.
  path: Assets/New Material.mat
  artifactKey: Guid(f6361513bc5aa4c58a1587b7212c9700) Importer(815301076,1909f56bfc062723c751e8b465ee728b)
Start importing Assets/New Material.mat using Guid(f6361513bc5aa4c58a1587b7212c9700) Importer(815301076,1909f56bfc062723c751e8b465ee728b)  -> (artifact id: '31414443e83a656fa19ca06509ec01f3') in 1.614886 seconds 
  Import took 1.619171 seconds .

========================================================================
Received Import Request.
  Time since last request: 0.000230 seconds.
  path: Assets/1-022. Maya's Theme.mp3
  artifactKey: Guid(56ed5bab3872f40239503b9e3df3b352) Importer(815301076,1909f56bfc062723c751e8b465ee728b)
Start importing Assets/1-022. Maya's Theme.mp3 using Guid(56ed5bab3872f40239503b9e3df3b352) Importer(815301076,1909f56bfc062723c751e8b465ee728b)  -> (artifact id: 'b15678c89a7740e7b685d5c22ad8167c') in 0.905648 seconds 
  Import took 0.910655 seconds .

========================================================================
Received Import Request.
  Time since last request: 0.000239 seconds.
  path: Assets/istockphoto-125809774-170667a.jpeg
  artifactKey: Guid(fc235f19408df454a91888099de291b3) Importer(815301076,1909f56bfc062723c751e8b465ee728b)
Start importing Assets/istockphoto-125809774-170667a.jpeg using Guid(fc235f19408df454a91888099de291b3) Importer(815301076,1909f56bfc062723c751e8b465ee728b)  -> (artifact id: 'aaa6f85d6b1de1686cb8eb80629d7d5a') in 0.022816 seconds 
  Import took 0.025002 seconds .

========================================================================
Received Import Request.
  Time since last request: 0.000174 seconds.
  path: Assets/medium_persona5_vinyl_thumb.png
  artifactKey: Guid(755d8864003a94d7bbaea3849b141d7e) Importer(815301076,1909f56bfc062723c751e8b465ee728b)
Start importing Assets/medium_persona5_vinyl_thumb.png using Guid(755d8864003a94d7bbaea3849b141d7e) Importer(815301076,1909f56bfc062723c751e8b465ee728b)  -> (artifact id: '338dc95e18e1448602a2259cfcb31ba5') in 0.629041 seconds 
  Import took 0.633701 seconds .

========================================================================
Received Import Request.
  Time since last request: 0.000400 seconds.
  path: Assets/freenaturestock-1680-1024x683.jpeg
  artifactKey: Guid(dfd77ae40edf448c39bd8f810388e0e2) Importer(815301076,1909f56bfc062723c751e8b465ee728b)
Start importing Assets/freenaturestock-1680-1024x683.jpeg using Guid(dfd77ae40edf448c39bd8f810388e0e2) Importer(815301076,1909f56bfc062723c751e8b465ee728b)  -> (artifact id: '96806e16a3b81bfefa73323e3656d4eb') in 0.014076 seconds 
  Import took 0.016616 seconds .

========================================================================
Received Import Request.
  Time since last request: 0.000221 seconds.
  path: Assets/akybox.mat
  artifactKey: Guid(19219f24a61e14cc58da93f9fa3ce422) Importer(815301076,1909f56bfc062723c751e8b465ee728b)
Start importing Assets/akybox.mat using Guid(19219f24a61e14cc58da93f9fa3ce422) Importer(815301076,1909f56bfc062723c751e8b465ee728b)  -> (artifact id: '8483c3ce3e89919842a5ce226550f0b9') in 0.010881 seconds 
  Import took 0.013531 seconds .

========================================================================
Received Import Request.
  Time since last request: 0.000271 seconds.
  path: Assets/photo-1542732056-648731297c97.jpeg
  artifactKey: Guid(41ac5154d6f784ed785ba7f0a0637fca) Importer(815301076,1909f56bfc062723c751e8b465ee728b)
Start importing Assets/photo-1542732056-648731297c97.jpeg using Guid(41ac5154d6f784ed785ba7f0a0637fca) Importer(815301076,1909f56bfc062723c751e8b465ee728b)  -> (artifact id: 'e63976d78d738f2c6035d556112a6033') in 0.010818 seconds 
  Import took 0.013069 seconds .

========================================================================
Received Import Request.
  Time since last request: 0.000207 seconds.
  path: Assets/what-is-pink-cloud.jpeg
  artifactKey: Guid(5d9d312e6b0be459fadb42fdd3491b86) Importer(815301076,1909f56bfc062723c751e8b465ee728b)
Start importing Assets/what-is-pink-cloud.jpeg using Guid(5d9d312e6b0be459fadb42fdd3491b86) Importer(815301076,1909f56bfc062723c751e8b465ee728b)  -> (artifact id: '5518546fe88fac9ea680e438f7ad043a') in 0.006910 seconds 
  Import took 0.009004 seconds .

========================================================================
Received Import Request.
  Time since last request: 0.000220 seconds.
  path: Assets/Screen Shot 2022-03-28 at 1.32.54 PM.png
  artifactKey: Guid(0b453b2dcbe1e4f25b5e9ccd27481184) Importer(815301076,1909f56bfc062723c751e8b465ee728b)
Start importing Assets/Screen Shot 2022-03-28 at 1.32.54 PM.png using Guid(0b453b2dcbe1e4f25b5e9ccd27481184) Importer(815301076,1909f56bfc062723c751e8b465ee728b)  -> (artifact id: 'd69653e86ffe6afa16a61e7a3da866b8') in 0.006304 seconds 
  Import took 0.008271 seconds .

========================================================================
Received Import Request.
  Time since last request: 0.000231 seconds.
  path: Assets/New Material 1.mat
  artifactKey: Guid(0b67864c7ab1a4ac4b6ef53f6b805720) Importer(815301076,1909f56bfc062723c751e8b465ee728b)
Start importing Assets/New Material 1.mat using Guid(0b67864c7ab1a4ac4b6ef53f6b805720) Importer(815301076,1909f56bfc062723c751e8b465ee728b)  -> (artifact id: '3551dd215dbe35b2aa01d945dce19e10') in 0.094535 seconds 
  Import took 0.096793 seconds .

========================================================================
Received Import Request.
  Time since last request: 0.000225 seconds.
  path: Assets/metal-texture-background-vector.jpeg
  artifactKey: Guid(87029fef5c96b40138e32f671e9a242a) Importer(815301076,1909f56bfc062723c751e8b465ee728b)
Start importing Assets/metal-texture-background-vector.jpeg using Guid(87029fef5c96b40138e32f671e9a242a) Importer(815301076,1909f56bfc062723c751e8b465ee728b)  -> (artifact id: '61ae0d462fd38e5f509cc5e8ab253967') in 0.045398 seconds 
  Import took 0.047430 seconds .

AssetImportWorkerClient::OnTransportError - code=2 error=End of file
